<?xml version="1.0" encoding="UTF-8" ?>
<testsuite failures="0" time="13.958" errors="0" skipped="0" tests="4" name="org.orgselenium.indeed.tests.IndeedSearchTest">
  <properties>
    <property name="PROCESSOR_ARCHITECTURE" value="x86"/>
    <property name="file.encoding.pkg" value="sun.io"/>
    <property name="LOGONSERVER" value="\\NLDC3V"/>
    <property name="ProgramData" value="C:\ProgramData"/>
    <property name="java.home" value="C:\Program Files (x86)\Java\jdk1.7.0_79\jre"/>
    <property name="TITLE" value="Tomcat"/>
    <property name="NODE_NAME" value="master"/>
    <property name="JENKINS_URL" value="http://localhost:8080/jenkins/"/>
    <property name="CATALINA_HOME" value="D:\Users\antonio.seraus\Tomcat"/>
    <property name="ALLUSERSPROFILE" value="C:\ProgramData"/>
    <property name="java.endorsed.dirs" value="C:\Program Files (x86)\Java\jdk1.7.0_79\jre\lib\endorsed"/>
    <property name="PSModulePath" value="C:\Windows\system32\WindowsPowerShell\v1.0\Modules\"/>
    <property name="=::" value="::\"/>
    <property name="USERDOMAIN" value="LBI"/>
    <property name="sun.os.patch.level" value="Service Pack 1"/>
    <property name="java.vendor.url" value="http://java.oracle.com/"/>
    <property name="JAVA_OPTS" value=" -Djava.util.logging.config.file=&quot;D:\Users\antonio.seraus\Tomcat\conf\logging.properties&quot; -Djava.util.logging.manager=org.apache.juli.ClassLoaderLogManager"/>
    <property name="CommonProgramFiles(x86)" value="C:\Program Files (x86)\Common Files"/>
    <property name="java.version" value="1.7.0_79"/>
    <property name="JOB_NAME" value="Testproject-maven-without-GitHub/org.qtpselenium.tests:indeed"/>
    <property name="COMPUTERNAME" value="NLSPLLBI0056"/>
    <property name="windows_tracing_logfile" value="C:\BVTBin\Tests\installpackage\csilogfile.log"/>
    <property name="EXECUTABLE" value="D:\Users\antonio.seraus\Tomcat\bin\catalina.bat"/>
    <property name="java.vendor.url.bug" value="http://bugreport.sun.com/bugreport/"/>
    <property name="PUBLIC" value="C:\Users\Public"/>
    <property name="user.name" value="antonio.seraus"/>
    <property name="sun.io.unicode.encoding" value="UnicodeLittle"/>
    <property name="sun.jnu.encoding" value="Cp1252"/>
    <property name="java.runtime.name" value="Java(TM) SE Runtime Environment"/>
    <property name="windir" value="C:\Windows"/>
    <property name="PROCESSOR_IDENTIFIER" value="Intel64 Family 6 Model 60 Stepping 3, GenuineIntel"/>
    <property name="java.specification.name" value="Java Platform API Specification"/>
    <property name="LOCALAPPDATA" value="D:\Users\antonio.seraus\AppData\Local"/>
    <property name="user.timezone" value="Europe/Berlin"/>
    <property name="PROCESSOR_ARCHITEW6432" value="AMD64"/>
    <property name="user.script" value=""/>
    <property name="path.separator" value=";"/>
    <property name="NUMBER_OF_PROCESSORS" value="8"/>
    <property name="BUILD_TAG" value="jenkins-Testproject-maven-without-GitHub-org.qtpselenium.tests:indeed-8"/>
    <property name="windows_tracing_flags" value="3"/>
    <property name="file.encoding" value="Cp1252"/>
    <property name="sun.java.command" value="jenkins.maven3.agent.Maven31Main C:\Program Files\Maven\apache-maven-3.3.3 D:\Users\antonio.seraus\Tomcat\webapps\jenkins\WEB-INF\lib\remoting-2.52.jar D:\Users\antonio.seraus\.jenkins\plugins\maven-plugin\WEB-INF\lib\maven31-interceptor-1.5.jar D:\Users\antonio.seraus\.jenkins\plugins\maven-plugin\WEB-INF\lib\maven3-interceptor-commons-1.5.jar 57520"/>
    <property name="HUDSON_URL" value="http://localhost:8080/jenkins/"/>
    <property name="JENKINS_SERVER_COOKIE" value="cd98a6fe7413f278"/>
    <property name="=D:" value="D:\Users\antonio.seraus\Tomcat\bin"/>
    <property name="EXECUTOR_NUMBER" value="1"/>
    <property name="Path" value="C:\Program Files (x86)\Java\jdk1.7.0_79/bin;C:\Program Files\Common Files\Microsoft Shared\Windows Live;C:\Program Files (x86)\Common Files\Microsoft Shared\Windows Live;C:\Program Files (x86)\Intel\iCLS Client\;C:\Program Files\Intel\iCLS Client\;C:\Windows\system32;C:\Windows;C:\Windows\System32\Wbem;C:\Windows\System32\WindowsPowerShell\v1.0\;C:\Program Files\SysinternalsSuite;C:\Windows\System32\WindowsPowerShell\v1.0\;C:\Program Files (x86)\QuickTime\QTSystem\;C:\Program Files (x86)\Intel\Intel(R) Management Engine Components\DAL;C:\Program Files\Intel\Intel(R) Management Engine Components\DAL;C:\Program Files (x86)\Intel\Intel(R) Management Engine Components\IPT;C:\Program Files\Maven\apache-maven-3.3.3\bin;C:\Program Files\Intel\Intel(R) Management Engine Components\IPT;C:\Program Files (x86)\Skype\Phone\;C:\Program Files (x86)\Windows Live\Shared"/>
    <property name="java.io.tmpdir" value="D:\Users\ANTONI~1.SER\AppData\Local\Temp\"/>
    <property name="APPDATA" value="D:\Users\antonio.seraus\AppData\Roaming"/>
    <property name="user.language" value="en"/>
    <property name="CATALINA_TMPDIR" value="D:\Users\antonio.seraus\Tomcat\temp"/>
    <property name="line.separator" value="
"/>
    <property name="BUILD_URL" value="http://localhost:8080/jenkins/job/Testproject-maven-without-GitHub/org.qtpselenium.tests$indeed/8/"/>
    <property name="JAVA_ENDORSED_DIRS" value="D:\Users\antonio.seraus\Tomcat\endorsed"/>
    <property name="ACTION" value="start"/>
    <property name="M2_HOME" value="C:\Program Files\Maven\apache-maven-3.3.3"/>
    <property name="java.vm.info" value="mixed mode, sharing"/>
    <property name="sun.desktop" value="windows"/>
    <property name="java.vm.specification.name" value="Java Virtual Machine Specification"/>
    <property name="BUILD_DISPLAY_NAME" value="#8"/>
    <property name="OS" value="Windows_NT"/>
    <property name="hudson.build.number" value="8"/>
    <property name="guice.disable.misplaced.annotation.check" value="true"/>
    <property name="CATALINA_BASE" value="D:\Users\antonio.seraus\Tomcat"/>
    <property name="HUDSON_SERVER_COOKIE" value="cd98a6fe7413f278"/>
    <property name="JRE_HOME" value="C:\Program Files (x86)\Java\jdk1.7.0_79"/>
    <property name="_EXECJAVA" value="start &quot;Tomcat&quot; &quot;C:\Program Files (x86)\Java\jdk1.7.0_79\bin\java.exe&quot;"/>
    <property name="_RUNJAVA" value="&quot;C:\Program Files (x86)\Java\jdk1.7.0_79\bin\java.exe&quot;"/>
    <property name="MAVEN_HOME" value="C:\Program Files\Maven\apache-maven-3.3.3"/>
    <property name="SESSIONNAME" value="Console"/>
    <property name="PATHEXT" value=".COM;.EXE;.BAT;.CMD;.VBS;.VBE;.JS;.JSE;.WSF;.WSH;.MSC"/>
    <property name="java.awt.printerjob" value="sun.awt.windows.WPrinterJob"/>
    <property name="maven3.interceptor.common" value="D:\Users\antonio.seraus\.jenkins\plugins\maven-plugin\WEB-INF\lib\maven3-interceptor-commons-1.5.jar"/>
    <property name="CLASSPATH" value=""/>
    <property name="LOGGING_CONFIG" value="-Djava.util.logging.config.file=&quot;D:\Users\antonio.seraus\Tomcat\conf\logging.properties&quot;"/>
    <property name="HOMEPATH" value="\"/>
    <property name="os.name" value="Windows 7"/>
    <property name="java.specification.vendor" value="Oracle Corporation"/>
    <property name="FP_NO_HOST_CHECK" value="NO"/>
    <property name="java.vm.name" value="Java HotSpot(TM) Client VM"/>
    <property name="BUILD_NUMBER" value="8"/>
    <property name="maven3.interceptor" value="D:\Users\antonio.seraus\.jenkins\plugins\maven-plugin\WEB-INF\lib\maven31-interceptor-1.5.jar"/>
    <property name="java.library.path" value="C:\Program Files (x86)\Java\jdk1.7.0_79\bin;C:\Windows\Sun\Java\bin;C:\Windows\system32;C:\Windows;C:\Program Files\Maven\apache-maven-3.3.3/bin;C:\Program Files (x86)\Java\jdk1.7.0_79/bin;C:\Program Files (x86)\Java\jdk1.7.0_79/bin;C:\Program Files\Common Files\Microsoft Shared\Windows Live;C:\Program Files (x86)\Common Files\Microsoft Shared\Windows Live;C:\Program Files (x86)\Intel\iCLS Client\;C:\Program Files\Intel\iCLS Client\;C:\Windows\system32;C:\Windows;C:\Windows\System32\Wbem;C:\Windows\System32\WindowsPowerShell\v1.0\;C:\Program Files\SysinternalsSuite;C:\Windows\System32\WindowsPowerShell\v1.0\;C:\Program Files (x86)\QuickTime\QTSystem\;C:\Program Files (x86)\Intel\Intel(R) Management Engine Components\DAL;C:\Program Files\Intel\Intel(R) Management Engine Components\DAL;C:\Program Files (x86)\Intel\Intel(R) Management Engine Components\IPT;C:\Program Files\Maven\apache-maven-3.3.3\bin;C:\Program Files\Intel\Intel(R) Management Engine Components\IPT;C:\Program Files (x86)\Skype\Phone\;C:\Program Files (x86)\Windows Live\Shared;."/>
    <property name="HOMEDRIVE" value="H:"/>
    <property name="HOMESHARE" value="\\zion.lostboys.nl\Users\antonio.seraus"/>
    <property name="java.class.version" value="51.0"/>
    <property name="LOGGING_MANAGER" value="-Djava.util.logging.manager=org.apache.juli.ClassLoaderLogManager"/>
    <property name="_RUNJDB" value="&quot;C:\Program Files (x86)\Java\jdk1.7.0_79\bin\jdb.exe&quot;"/>
    <property name="JOB_URL" value="http://localhost:8080/jenkins/job/Testproject-maven-without-GitHub/org.qtpselenium.tests$indeed/"/>
    <property name="MAINCLASS" value="org.apache.catalina.startup.Bootstrap"/>
    <property name="JENKINS_HOME" value="D:\Users\antonio.seraus\.jenkins"/>
    <property name="BUILD_ID" value="8"/>
    <property name="TEMP" value="D:\Users\ANTONI~1.SER\AppData\Local\Temp"/>
    <property name="sun.boot.library.path" value="C:\Program Files (x86)\Java\jdk1.7.0_79\jre\bin"/>
    <property name="sun.management.compiler" value="HotSpot Client Compiler"/>
    <property name="java.awt.graphicsenv" value="sun.awt.Win32GraphicsEnvironment"/>
    <property name="user.variant" value=""/>
    <property name="PROCESSOR_REVISION" value="3c03"/>
    <property name="HUDSON_HOME" value="D:\Users\antonio.seraus\.jenkins"/>
    <property name="ProgramFiles(x86)" value="C:\Program Files (x86)"/>
    <property name="PATH+MAVEN" value="C:\Program Files\Maven\apache-maven-3.3.3/bin"/>
    <property name="PROMPT" value="$P$G"/>
    <property name="CURRENT_DIR" value="D:\Users\antonio.seraus\Tomcat\bin"/>
    <property name="java.vm.specification.version" value="1.7"/>
    <property name="JAVA_HOME" value="C:\Program Files (x86)\Java\jdk1.7.0_79"/>
    <property name="awt.toolkit" value="sun.awt.windows.WToolkit"/>
    <property name="NODE_LABELS" value="master"/>
    <property name="sun.cpu.isalist" value="pentium_pro+mmx pentium_pro pentium+mmx pentium i486 i386 i86"/>
    <property name="USERPROFILE" value="D:\Users\antonio.seraus"/>
    <property name="java.ext.dirs" value="C:\Program Files (x86)\Java\jdk1.7.0_79\jre\lib\ext;C:\Windows\Sun\Java\lib\ext"/>
    <property name="os.version" value="6.1"/>
    <property name="user.home" value="D:\Users\antonio.seraus"/>
    <property name="USERNAME" value="antonio.seraus"/>
    <property name="java.vm.vendor" value="Oracle Corporation"/>
    <property name="PROCESSOR_LEVEL" value="6"/>
    <property name="USERDNSDOMAIN" value="LBI.LOCAL"/>
    <property name="CommonProgramW6432" value="C:\Program Files\Common Files"/>
    <property name="user.dir" value="D:\Users\antonio.seraus\Tomcat\bin"/>
    <property name="ProgramW6432" value="C:\Program Files"/>
    <property name="TMP" value="D:\Users\ANTONI~1.SER\AppData\Local\Temp"/>
    <property name="MAVEN" value="C:\Program Files\Maven\apache-maven-3.3.3\bin"/>
    <property name="sun.cpu.endian" value="little"/>
    <property name="SystemDrive" value="C:"/>
    <property name="java.vm.version" value="24.79-b02"/>
    <property name="java.class.path" value="D:\Users\antonio.seraus\.jenkins\plugins\maven-plugin\WEB-INF\lib\maven31-agent-1.5.jar;C:\Program Files\Maven\apache-maven-3.3.3\boot\plexus-classworlds-2.5.2.jar;C:\Program Files\Maven\apache-maven-3.3.3/conf/logging"/>
    <property name="org.slf4j.simpleLogger.defaultLogLevel" value="info"/>
    <property name="os.arch" value="x86"/>
    <property name="WORKSPACE" value="D:\Users\antonio.seraus\workspace\Testproject\indeed"/>
    <property name="ComSpec" value="C:\Windows\system32\cmd.exe"/>
    <property name="sun.java.launcher" value="SUN_STANDARD"/>
    <property name="SystemRoot" value="C:\Windows"/>
    <property name="CommonProgramFiles" value="C:\Program Files (x86)\Common Files"/>
    <property name="java.vm.specification.vendor" value="Oracle Corporation"/>
    <property name="file.separator" value="\"/>
    <property name="java.runtime.version" value="1.7.0_79-b15"/>
    <property name="ProgramFiles" value="C:\Program Files (x86)"/>
    <property name="sun.boot.class.path" value="C:\Program Files (x86)\Java\jdk1.7.0_79\jre\lib\resources.jar;C:\Program Files (x86)\Java\jdk1.7.0_79\jre\lib\rt.jar;C:\Program Files (x86)\Java\jdk1.7.0_79\jre\lib\sunrsasign.jar;C:\Program Files (x86)\Java\jdk1.7.0_79\jre\lib\jsse.jar;C:\Program Files (x86)\Java\jdk1.7.0_79\jre\lib\jce.jar;C:\Program Files (x86)\Java\jdk1.7.0_79\jre\lib\charsets.jar;C:\Program Files (x86)\Java\jdk1.7.0_79\jre\lib\jfr.jar;C:\Program Files (x86)\Java\jdk1.7.0_79\jre\classes"/>
    <property name="PATH+JDK" value="C:\Program Files (x86)\Java\jdk1.7.0_79/bin"/>
    <property name="user.country" value="US"/>
    <property name="maven.home" value="C:\Program Files\Maven\apache-maven-3.3.3"/>
    <property name="java.vendor" value="Oracle Corporation"/>
    <property name="QTJAVA" value="C:\Program Files (x86)\QuickTime\QTSystem\QTJava.zip"/>
    <property name="java.specification.version" value="1.7"/>
    <property name="sun.arch.data.model" value="32"/>
  </properties>
  <testcase time="5.02" classname="org.orgselenium.indeed.tests.IndeedSearchTest" name="testSearch"/>
  <testcase time="3.097" classname="org.orgselenium.indeed.tests.IndeedSearchTest" name="testSearch"/>
  <testcase time="2.962" classname="org.orgselenium.indeed.tests.IndeedSearchTest" name="testSearch"/>
  <testcase time="2.879" classname="org.orgselenium.indeed.tests.IndeedSearchTest" name="testSearch"/>
</testsuite>