<?xml version="1.0" encoding="UTF-8"?>
<!-- Generated by org.testng.reporters.JUnitReportReporter -->
<testsuite hostname="NLSPLLBI0056" name="org.orgselenium.indeed.tests.IndeedSearchTest" tests="5" failures="0" timestamp="19 Oct 2015 19:39:50 GMT" time="34.539" errors="0">
  <testcase name="testSearch" time="6.269" classname="org.orgselenium.indeed.tests.IndeedSearchTest"/>
  <testcase name="testSearch" time="6.519" classname="org.orgselenium.indeed.tests.IndeedSearchTest"/>
  <testcase name="testSearch" time="7.231" classname="org.orgselenium.indeed.tests.IndeedSearchTest"/>
  <testcase name="testSearch" time="7.025" classname="org.orgselenium.indeed.tests.IndeedSearchTest"/>
  <testcase name="testSearch" time="7.495" classname="org.orgselenium.indeed.tests.IndeedSearchTest"/>
</testsuite> <!-- org.orgselenium.indeed.tests.IndeedSearchTest -->
