<?xml version="1.0" encoding="UTF-8"?>
<!-- Generated by org.testng.reporters.JUnitReportReporter -->
<testsuite hostname="NLSPLLBI0056" name="org.orgselenium.indeed.tests.IndeedSearchTest" tests="4" failures="0" timestamp="19 Oct 2015 13:03:34 GMT" time="80.978" errors="0">
  <testcase name="testSearch" time="8.803" classname="org.orgselenium.indeed.tests.IndeedSearchTest"/>
  <testcase name="testSearch" time="10.222" classname="org.orgselenium.indeed.tests.IndeedSearchTest"/>
  <testcase name="testSearch" time="30.740" classname="org.orgselenium.indeed.tests.IndeedSearchTest"/>
  <testcase name="testSearch" time="31.213" classname="org.orgselenium.indeed.tests.IndeedSearchTest"/>
</testsuite> <!-- org.orgselenium.indeed.tests.IndeedSearchTest -->
