<?xml version="1.0" encoding="UTF-8"?>
<!-- Generated by org.testng.reporters.JUnitReportReporter -->
<testsuite hostname="NLSPLLBI0056" name="org.orgselenium.indeed.tests.IndeedSearchTest" tests="4" failures="0" timestamp="13 Oct 2015 08:11:31 GMT" time="32.222" errors="0">
  <testcase name="testSearch" time="7.047" classname="org.orgselenium.indeed.tests.IndeedSearchTest"/>
  <testcase name="testSearch" time="9.607" classname="org.orgselenium.indeed.tests.IndeedSearchTest"/>
  <testcase name="testSearch" time="7.776" classname="org.orgselenium.indeed.tests.IndeedSearchTest"/>
  <testcase name="testSearch" time="7.792" classname="org.orgselenium.indeed.tests.IndeedSearchTest"/>
</testsuite> <!-- org.orgselenium.indeed.tests.IndeedSearchTest -->
