<?xml version="1.0" encoding="UTF-8"?>
<!-- Generated by org.testng.reporters.JUnitReportReporter -->
<testsuite hostname="NLSPLLBI0056" name="org.orgselenium.indeed.tests.IndeedSearchTest" tests="4" failures="0" timestamp="13 Oct 2015 08:37:24 GMT" time="57.627" errors="0">
  <testcase name="testSearch" time="6.990" classname="org.orgselenium.indeed.tests.IndeedSearchTest"/>
  <testcase name="testSearch" time="28.440" classname="org.orgselenium.indeed.tests.IndeedSearchTest"/>
  <testcase name="testSearch" time="15.169" classname="org.orgselenium.indeed.tests.IndeedSearchTest"/>
  <testcase name="testSearch" time="7.028" classname="org.orgselenium.indeed.tests.IndeedSearchTest"/>
</testsuite> <!-- org.orgselenium.indeed.tests.IndeedSearchTest -->
